JvmtiExport can_access_local_variables 0
JvmtiExport can_hotswap_or_post_breakpoint 0
JvmtiExport can_post_on_exceptions 0
# 371 ciObject found
ciMethod java/lang/Object <init> ()V 4097 1 2931803 0 0
ciMethod java/lang/Object getClass ()Ljava/lang/Class; 2049 1 256 0 -1
ciMethod java/lang/Object hashCode ()I 2049 1 256 0 -1
ciMethod java/lang/Object equals (Ljava/lang/Object;)Z 1697 1 40560 0 -1
ciMethod java/lang/Comparable compareTo (Ljava/lang/Object;)I 0 0 1 0 -1
ciMethod java/lang/String compareTo (Ljava/lang/String;)I 2217 10329 4373 0 -1
ciMethod java/lang/String compareTo (Ljava/lang/Object;)I 3361 1 5552 0 304
ciMethod java/lang/System arraycopy (Ljava/lang/Object;ILjava/lang/Object;II)V 7169 1 896 0 -1
ciMethod java/util/Map get (Ljava/lang/Object;)Ljava/lang/Object; 0 0 1 0 -1
ciMethod java/util/Map put (Ljava/lang/Object;Ljava/lang/Object;)Ljava/lang/Object; 0 0 1 0 -1
ciMethod java/util/Comparator compare (Ljava/lang/Object;Ljava/lang/Object;)I 0 0 1 0 -1
ciMethod java/lang/Iterable iterator ()Ljava/util/Iterator; 0 0 1 0 -1
ciMethod java/util/Collection size ()I 0 0 1 0 -1
ciMethod java/util/Collection isEmpty ()Z 0 0 1 0 -1
ciMethod java/util/Collection iterator ()Ljava/util/Iterator; 0 0 1 0 -1
ciMethod java/util/Collection toArray ()[Ljava/lang/Object; 0 0 1 0 -1
ciMethod java/util/Collection addAll (Ljava/util/Collection;)Z 0 0 1 0 -1
ciMethod java/util/List listIterator ()Ljava/util/ListIterator; 0 0 1 0 -1
ciMethod java/util/AbstractList <init> ()V 2049 1 173998 0 48
ciMethod java/util/AbstractCollection <init> ()V 345 1 312997 0 48
ciMethod java/util/AbstractCollection iterator ()Ljava/util/Iterator; 0 0 1 0 -1
ciMethod java/util/AbstractCollection size ()I 0 0 1 0 -1
ciMethod java/util/AbstractCollection isEmpty ()Z 2049 1 13367 0 80
ciMethod java/util/AbstractCollection toArray ()[Ljava/lang/Object; 2057 13593 7427 0 528
ciMethod java/util/AbstractCollection finishToArray ([Ljava/lang/Object;Ljava/util/Iterator;)[Ljava/lang/Object; 0 0 1 0 -1
ciMethod java/util/ArrayList <init> (I)V 2065 1 10530 0 304
ciMethod java/util/ArrayList ensureCapacityInternal (I)V 673 1 392009 0 560
ciMethod java/util/ArrayList ensureExplicitCapacity (I)V 673 1 374311 0 528
ciMethod java/util/ArrayList grow (I)V 105 1 5142 0 528
ciMethod java/util/ArrayList hugeCapacity (I)I 0 0 1 0 -1
ciMethod java/util/ArrayList size ()I 1033 1 129 0 0
ciMethod java/util/ArrayList isEmpty ()Z 2065 1 291699 0 48
ciMethod java/util/ArrayList addAll (Ljava/util/Collection;)Z 9 1 6147 0 1008
ciMethod java/util/ArrayList listIterator ()Ljava/util/ListIterator; 2049 1 7006 0 176
ciMethod java/util/AbstractSet <init> ()V 65 1 97174 0 48
ciMethod java/util/HashMap hash (Ljava/lang/Object;)I 2065 1 120251 0 160
ciMethod java/util/HashMap comparableClassFor (Ljava/lang/Object;)Ljava/lang/Class; 961 1 120 0 -1
ciMethod java/util/HashMap compareComparables (Ljava/lang/Class;Ljava/lang/Object;Ljava/lang/Object;)I 0 0 1 0 -1
ciMethod java/util/HashMap get (Ljava/lang/Object;)Ljava/lang/Object; 2065 1 33227 0 656
ciMethod java/util/HashMap getNode (ILjava/lang/Object;)Ljava/util/HashMap$Node; 2673 1 17742 0 464
ciMethod java/util/HashMap put (Ljava/lang/Object;Ljava/lang/Object;)Ljava/lang/Object; 2081 1 30251 0 1296
ciMethod java/util/HashMap putVal (ILjava/lang/Object;Ljava/lang/Object;ZZ)Ljava/lang/Object; 2081 73 19998 0 1232
ciMethod java/util/HashMap resize ()[Ljava/util/HashMap$Node; 353 609 4570 0 -1
ciMethod java/util/HashMap treeifyBin ([Ljava/util/HashMap$Node;I)V 1 1 8 0 0
ciMethod java/util/HashMap newNode (ILjava/lang/Object;Ljava/lang/Object;Ljava/util/HashMap$Node;)Ljava/util/HashMap$Node; 2105 1 5384 0 208
ciMethod java/util/HashMap newTreeNode (ILjava/lang/Object;Ljava/lang/Object;Ljava/util/HashMap$Node;)Ljava/util/HashMap$TreeNode; 0 0 1 0 -1
ciMethod java/util/HashMap replacementTreeNode (Ljava/util/HashMap$Node;Ljava/util/HashMap$Node;)Ljava/util/HashMap$TreeNode; 0 0 1 0 -1
ciMethod java/util/HashMap afterNodeAccess (Ljava/util/HashMap$Node;)V 2049 1 1280 0 0
ciMethod java/util/HashMap afterNodeInsertion (Z)V 2121 1 1394 0 0
ciMethod java/util/HashMap$Node <init> (ILjava/lang/Object;Ljava/lang/Object;Ljava/util/HashMap$Node;)V 2057 1 11867 0 0
ciMethod java/lang/Math max (II)I 377 1 255526 0 -1
ciMethod java/util/Arrays copyOf ([Ljava/lang/Object;I)[Ljava/lang/Object; 2081 1 29880 0 0
ciMethod java/util/Arrays copyOf ([Ljava/lang/Object;ILjava/lang/Class;)[Ljava/lang/Object; 2289 1 8853 0 -1
ciMethod java/util/NavigableMap navigableKeySet ()Ljava/util/NavigableSet; 0 0 1 0 -1
ciMethod java/util/NavigableMap isEmpty ()Z 0 0 1 0 -1
ciMethod java/util/NavigableMap size ()I 0 0 1 0 -1
ciMethod java/util/TreeMap get (Ljava/lang/Object;)Ljava/lang/Object; 3233 1 37586 0 784
ciMethod java/util/TreeMap getEntry (Ljava/lang/Object;)Ljava/util/TreeMap$Entry; 4097 1 5683 0 752
ciMethod java/util/TreeMap getEntryUsingComparator (Ljava/lang/Object;)Ljava/util/TreeMap$Entry; 3529 24577 1856 0 0
ciMethod java/util/TreeMap getCeilingEntry (Ljava/lang/Object;)Ljava/util/TreeMap$Entry; 1553 5041 194 0 -1
ciMethod java/util/TreeMap getFloorEntry (Ljava/lang/Object;)Ljava/util/TreeMap$Entry; 3665 22057 3123 0 -1
ciMethod java/util/TreeMap getHigherEntry (Ljava/lang/Object;)Ljava/util/TreeMap$Entry; 25 193 3 0 -1
ciMethod java/util/TreeMap getLowerEntry (Ljava/lang/Object;)Ljava/util/TreeMap$Entry; 2185 16537 1864 0 -1
ciMethod java/util/TreeMap navigableKeySet ()Ljava/util/NavigableSet; 2041 1 2547 0 0
ciMethod java/util/TreeMap keyIterator ()Ljava/util/Iterator; 2121 1 2544 0 0
ciMethod java/util/TreeMap compare (Ljava/lang/Object;Ljava/lang/Object;)I 201 1 38698 0 -1
ciMethod java/util/TreeMap getFirstEntry ()Ljava/util/TreeMap$Entry; 2241 2041 5904 0 0
ciMethod java/util/TreeMap getLastEntry ()Ljava/util/TreeMap$Entry; 241 1025 30 0 -1
ciMethod java/util/TreeMap access$100 (Ljava/util/TreeMap;)I 1513 1 189 0 -1
ciMethod java/util/TreeMap access$200 ()Ljava/lang/Object; 281 1 35 0 -1
ciMethodData java/lang/Object <init> ()V 2 2931803 orig 264 72 34 139 112 0 0 0 0 128 4 252 6 0 0 0 0 32 1 0 0 0 0 0 0 0 0 0 0 0 0 0 0 0 0 0 0 0 0 0 0 0 0 0 0 0 0 0 0 0 0 0 0 0 0 0 0 0 0 0 0 0 0 0 0 0 0 0 0 0 0 0 0 0 0 0 0 0 0 0 0 77 68 79 32 101 120 116 114 97 32 100 97 116 97 32 108 111 99 107 0 0 0 0 0 0 0 0 0 0 0 0 0 0 0 0 0 0 0 0 0 0 0 0 0 0 0 0 0 0 0 0 0 0 0 0 0 0 0 0 0 0 0 0 0 0 0 0 0 0 0 0 0 0 0 0 0 0 0 0 0 0 0 0 0 0 0 0 0 0 0 0 0 0 0 0 0 0 0 0 0 0 0 0 0 1 0 0 0 0 0 0 0 1 0 0 0 0 0 0 0 1 0 0 0 0 0 0 0 0 0 0 0 0 0 0 0 0 2 0 0 217 210 101 1 1 0 0 0 0 0 0 0 0 0 0 0 2 0 0 0 0 0 3 0 1 0 0 0 0 0 0 0 255 255 255 255 0 0 0 0 0 0 0 0 data 0 oops 0
ciMethodData java/util/TreeMap getEntryUsingComparator (Ljava/lang/Object;)Ljava/util/TreeMap$Entry; 2 8122 orig 264 72 34 139 112 0 0 0 0 48 170 14 7 0 0 0 0 72 2 0 0 0 0 0 0 0 0 0 0 0 0 0 0 0 0 0 0 0 0 0 0 0 0 0 0 0 0 0 0 0 0 0 0 0 0 0 0 0 0 0 0 0 0 0 0 0 0 0 0 0 0 0 0 0 0 0 0 0 0 0 0 77 68 79 32 101 120 116 114 97 32 100 97 116 97 32 108 111 99 107 0 0 0 0 0 0 0 0 0 0 0 0 0 0 0 0 0 0 0 0 0 0 0 0 0 0 0 0 0 0 0 0 0 0 0 0 0 0 0 0 0 0 0 0 0 0 0 0 0 0 0 0 0 0 0 0 0 0 0 0 0 0 0 0 0 0 0 0 0 0 0 0 0 0 0 0 0 0 0 0 0 0 0 0 0 0 0 0 0 0 0 0 0 0 0 0 0 0 0 0 0 0 0 0 0 0 0 0 0 0 0 0 0 0 0 0 0 0 12 0 0 57 44 0 0 209 157 0 0 0 0 0 0 0 0 0 0 2 0 0 0 1 0 14 0 2 0 0 0 248 0 0 0 255 255 255 255 7 0 8 0 0 0 0 0 data 31 0x80007 0x0 0xf8 0x587 0x130007 0x563 0xd8 0x13de 0x1d0005 0x619 0xdc8c0b0 0xd75 0xdc8c160 0x50 0x260007 0x9a3 0x38 0xa3b 0x300003 0xa3b 0x50 0x350007 0x24 0x38 0x97f 0x3f0003 0x97f 0x18 0x450003 0x13ba 0xffffffffffffff40 oops 2 10 sun/misc/ASCIICaseInsensitiveComparator 12 java/lang/ProcessEnvironment$NameComparator
ciMethodData java/util/TreeMap getEntry (Ljava/lang/Object;)Ljava/util/TreeMap$Entry; 2 11625 orig 264 72 34 139 112 0 0 0 0 72 169 14 7 0 0 0 0 216 2 0 0 128 0 0 0 0 0 0 0 0 0 0 0 0 0 0 0 0 0 0 0 0 0 0 0 0 0 0 0 0 0 0 0 0 0 0 0 0 0 0 0 0 0 0 0 0 0 0 0 0 0 0 0 0 0 0 0 0 0 0 0 77 68 79 32 101 120 116 114 97 32 100 97 116 97 32 108 111 99 107 0 0 0 0 0 0 0 0 0 0 0 0 0 0 0 0 0 0 0 0 0 0 0 0 0 0 0 0 0 0 0 0 0 0 0 0 0 0 0 0 0 0 0 0 0 0 0 0 0 0 0 0 0 0 0 0 0 0 0 0 0 0 0 0 0 0 0 0 0 0 0 0 0 0 0 0 0 0 0 0 0 0 0 0 0 0 0 0 0 0 0 0 0 0 0 0 0 0 0 0 0 0 0 0 0 0 0 0 0 0 0 0 0 0 0 0 0 0 2 0 0 153 161 0 0 73 107 1 0 0 0 0 0 0 0 0 0 2 0 0 0 1 0 15 0 2 0 0 0 136 1 0 0 255 255 255 255 7 0 4 0 0 0 0 0 data 49 0x40007 0xef3 0x50 0x540 0x90005 0x18c 0xd787700 0x3b4 0x0 0x0 0xe0007 0xef3 0x30 0x0 0x150002 0x0 0x1a0004 0x0 0x8ed24f0 0xec1 0xdc87860 0xa 0x240007 0x88d 0xd8 0x33cf 0x2c0005 0x9d 0x8ed24f0 0x3328 0xdc87860 0xa 0x350007 0x1dd0 0x38 0x15ff 0x3d0003 0x15ff 0x50 0x420007 0x666 0x38 0x176a 0x4a0003 0x176a 0x18 0x4f0003 0x2d69 0xffffffffffffff40 oops 5 6 java/util/TreeMap 18 java/lang/String 20 org/gradle/model/internal/core/ModelPath$1 28 java/lang/String 30 org/gradle/model/internal/core/ModelPath$1
ciMethod java/util/Iterator hasNext ()Z 0 0 1 0 -1
ciMethod java/util/Iterator next ()Ljava/lang/Object; 0 0 1 0 -1
ciMethod java/util/HashMap$TreeNode root ()Ljava/util/HashMap$TreeNode; 0 0 1 0 -1
ciMethod java/util/HashMap$TreeNode moveRootToFront ([Ljava/util/HashMap$Node;Ljava/util/HashMap$TreeNode;)V 81 1 10 0 -1
ciMethod java/util/HashMap$TreeNode find (ILjava/lang/Object;Ljava/lang/Class;)Ljava/util/HashMap$TreeNode; 89 73 11 0 -1
ciMethod java/util/HashMap$TreeNode getTreeNode (ILjava/lang/Object;)Ljava/util/HashMap$TreeNode; 9 1 1 0 -1
ciMethod java/util/HashMap$TreeNode tieBreakOrder (Ljava/lang/Object;Ljava/lang/Object;)I 913 1 114 0 -1
ciMethod java/util/HashMap$TreeNode treeify ([Ljava/util/HashMap$Node;)V 49 969 6 0 -1
ciMethod java/util/HashMap$TreeNode putTreeVal (Ljava/util/HashMap;[Ljava/util/HashMap$Node;ILjava/lang/Object;Ljava/lang/Object;)Ljava/util/HashMap$TreeNode; 17 33 3 0 0
ciMethod java/util/HashMap$TreeNode split (Ljava/util/HashMap;[Ljava/util/HashMap$Node;II)V 17 153 4 0 -1
ciMethod java/util/HashMap$TreeNode balanceInsertion (Ljava/util/HashMap$TreeNode;Ljava/util/HashMap$TreeNode;)Ljava/util/HashMap$TreeNode; 417 249 52 0 -1
ciMethodData java/util/HashMap hash (Ljava/lang/Object;)I 2 120251 orig 264 72 34 139 112 0 0 0 0 136 97 10 7 0 0 0 0 176 1 0 0 0 0 0 0 0 0 0 0 0 0 0 0 0 0 0 0 0 0 0 0 0 0 0 0 0 0 0 0 0 0 0 0 0 0 0 0 0 0 0 0 0 0 0 0 0 0 0 0 0 0 0 0 0 0 0 0 0 0 0 0 77 68 79 32 101 120 116 114 97 32 100 97 116 97 32 108 111 99 107 0 0 0 0 0 0 0 0 0 0 0 0 0 0 0 0 0 0 0 0 0 0 0 0 0 0 0 0 0 0 0 0 0 0 0 0 0 0 0 0 0 0 0 0 0 0 0 0 0 0 0 0 0 0 0 0 0 0 0 0 0 0 0 0 0 0 0 0 0 0 0 0 0 0 0 0 0 0 0 0 2 0 0 0 0 17 0 0 0 0 0 0 0 0 0 0 0 0 0 0 0 0 0 0 0 0 0 0 0 0 0 0 0 0 0 0 0 2 1 0 0 201 165 14 0 1 0 0 0 20 90 0 0 0 0 0 0 2 0 0 0 0 0 6 0 2 0 0 0 104 0 0 0 255 255 255 255 7 224 1 0 0 0 0 0 data 13 0x1e007 0x1d491 0x38 0x2a 0x50003 0x2a 0x48 0x90005 0x7935 0x8ed24f0 0x14d27 0xcb535d0 0xe35 oops 2 9 java/lang/String 11 java/util/jar/Attributes$Name
ciMethodData java/util/ArrayList ensureCapacityInternal (I)V 2 392009 orig 264 72 34 139 112 0 0 0 0 208 207 8 7 0 0 0 0 144 1 0 0 32 0 0 0 0 0 0 0 0 0 0 0 0 0 0 0 0 0 0 0 0 0 0 0 0 0 0 0 0 0 0 0 0 0 0 0 0 0 0 0 0 0 0 0 0 0 0 0 0 0 0 0 0 0 0 0 0 0 0 0 77 68 79 32 101 120 116 114 97 32 100 97 116 97 32 108 111 99 107 0 0 0 0 0 0 0 0 0 0 0 0 0 0 0 0 0 0 0 0 0 0 0 0 0 0 0 0 0 0 0 0 0 0 0 0 0 0 0 0 0 0 0 0 0 0 0 0 0 0 0 0 0 0 0 0 0 0 0 0 0 0 0 0 0 0 0 0 0 0 0 0 0 0 0 0 0 0 0 0 0 0 0 0 0 17 0 0 0 0 0 0 0 0 0 0 0 0 0 0 0 1 0 0 0 0 0 0 0 0 0 0 0 0 0 0 0 84 0 0 0 169 215 47 0 1 0 0 0 0 0 0 0 0 0 0 0 2 0 0 0 0 0 14 0 2 0 0 0 64 0 0 0 255 255 255 255 7 0 7 0 0 0 0 0 data 8 0x70007 0x4b27e 0x30 0x14840 0xd0002 0x14840 0x130002 0x5fb50 oops 0
ciMethodData java/util/ArrayList ensureExplicitCapacity (I)V 2 374311 orig 264 72 34 139 112 0 0 0 0 128 208 8 7 0 0 0 0 88 1 0 0 0 0 0 0 0 0 0 0 0 0 0 0 0 0 0 0 0 0 0 0 0 0 0 0 0 0 0 0 0 0 0 0 0 0 0 0 0 0 0 0 0 0 0 0 0 0 0 0 0 0 0 0 0 0 0 0 0 0 0 0 77 68 79 32 101 120 116 114 97 32 100 97 116 97 32 108 111 99 107 0 0 0 0 0 0 0 0 0 0 0 0 0 0 0 0 0 0 0 0 0 0 0 0 0 0 0 0 0 0 0 0 0 0 0 0 0 0 0 0 0 0 0 0 0 0 0 0 0 0 0 0 0 0 0 0 0 0 0 0 0 0 0 0 0 0 0 0 0 0 0 0 0 0 0 0 0 0 0 0 0 0 0 0 0 17 0 0 0 0 0 0 0 0 0 0 0 0 0 0 0 1 0 0 0 0 0 0 0 0 0 0 0 0 0 0 0 84 0 0 0 153 174 45 0 1 0 0 0 0 0 0 0 0 0 0 0 2 0 0 0 0 0 0 0 0 0 0 0 48 0 0 0 255 255 255 255 7 0 17 0 0 0 0 0 data 6 0x110007 0x4b461 0x30 0x1018a 0x160002 0x1018a oops 0
ciMethodData java/util/ArrayList grow (I)V 2 5142 orig 264 72 34 139 112 0 0 0 0 72 209 8 7 0 0 0 0 176 1 0 0 64 0 0 0 0 0 0 0 0 0 0 0 0 0 0 0 0 0 0 0 0 0 0 0 0 0 0 0 0 0 0 0 0 0 0 0 0 0 0 0 0 0 0 0 0 0 0 0 0 0 0 0 0 0 0 0 0 0 0 0 77 68 79 32 101 120 116 114 97 32 100 97 116 97 32 108 111 99 107 0 0 0 0 0 0 0 0 0 0 0 0 0 0 0 0 0 0 0 0 0 0 0 0 0 0 0 0 0 0 0 0 0 0 0 0 0 0 0 0 0 0 0 0 0 0 0 0 0 0 0 0 0 0 0 0 0 0 0 0 0 0 0 0 0 0 0 0 0 0 0 0 0 0 0 0 0 0 0 0 0 0 0 0 0 17 0 0 0 0 0 0 0 0 0 0 0 0 0 0 0 1 0 0 0 0 0 0 0 0 0 0 0 0 0 0 0 13 0 0 0 73 160 0 0 1 0 0 0 0 0 0 0 0 0 0 0 2 0 0 0 0 0 15 0 2 0 0 0 96 0 0 0 255 255 255 255 7 0 15 0 0 0 0 0 data 12 0xf0007 0x338 0x20 0x10d1 0x180007 0x1409 0x30 0x0 0x1c0002 0x0 0x260002 0x1409 oops 0
ciMethodData java/util/AbstractSet <init> ()V 2 97174 orig 264 72 34 139 112 0 0 0 0 168 123 9 7 0 0 0 0 48 1 0 0 0 0 0 0 0 0 0 0 0 0 0 0 0 0 0 0 0 0 0 0 0 0 0 0 0 0 0 0 0 0 0 0 0 0 0 0 0 0 0 0 0 0 0 0 0 0 0 0 0 0 0 0 0 0 0 0 0 0 0 0 77 68 79 32 101 120 116 114 97 32 100 97 116 97 32 108 111 99 107 0 0 0 0 0 0 0 0 0 0 0 0 0 0 0 0 0 0 0 0 0 0 0 0 0 0 0 0 0 0 0 0 0 0 0 0 0 0 0 0 0 0 0 0 0 0 0 0 0 0 0 0 0 0 0 0 0 0 0 0 0 0 0 0 0 0 0 0 0 0 0 0 0 0 0 0 0 0 0 0 0 0 0 0 0 1 0 0 0 0 0 0 0 0 0 0 0 0 0 0 0 1 0 0 0 0 0 0 0 0 0 0 0 0 0 0 0 8 0 0 0 113 220 11 0 1 0 0 0 0 0 0 0 0 0 0 0 2 0 0 0 0 0 3 0 2 0 0 0 16 0 0 0 255 255 255 255 2 0 1 0 0 0 0 0 data 2 0x10002 0x17b8e oops 0
ciMethodData java/util/AbstractCollection <init> ()V 2 312997 orig 264 72 34 139 112 0 0 0 0 40 96 8 7 0 0 0 0 48 1 0 0 0 0 0 0 0 0 0 0 0 0 0 0 0 0 0 0 0 0 0 0 0 0 0 0 0 0 0 0 0 0 0 0 0 0 0 0 0 0 0 0 0 0 0 0 0 0 0 0 0 0 0 0 0 0 0 0 0 0 0 0 77 68 79 32 101 120 116 114 97 32 100 97 116 97 32 108 111 99 107 0 0 0 0 0 0 0 0 0 0 0 0 0 0 0 0 0 0 0 0 0 0 0 0 0 0 0 0 0 0 0 0 0 0 0 0 0 0 0 0 0 0 0 0 0 0 0 0 0 0 0 0 0 0 0 0 0 0 0 0 0 0 0 0 0 0 0 0 0 0 0 0 0 0 0 0 0 0 0 0 0 0 0 0 0 1 0 0 0 0 0 0 0 0 0 0 0 0 0 0 0 1 0 0 0 0 0 0 0 0 0 0 0 0 0 0 0 43 0 0 0 209 51 38 0 1 0 0 0 0 0 0 0 0 0 0 0 2 0 0 0 0 0 3 0 2 0 0 0 16 0 0 0 255 255 255 255 2 0 1 0 0 0 0 0 data 2 0x10002 0x4c67a oops 0
ciMethod java/util/ArrayList$Itr <init> (Ljava/util/ArrayList;)V 2057 1 86406 0 80
ciMethod java/util/ArrayList$Itr <init> (Ljava/util/ArrayList;Ljava/util/ArrayList$1;)V 21057 1 91315 0 80
ciMethodData java/util/HashMap get (Ljava/lang/Object;)Ljava/lang/Object; 2 33227 orig 264 72 34 139 112 0 0 0 0 8 106 10 7 0 0 0 0 200 1 0 0 0 0 0 0 0 0 0 0 0 0 0 0 0 0 0 0 0 0 0 0 0 0 0 0 0 0 0 0 0 0 0 0 0 0 0 0 0 0 0 0 0 0 0 0 0 0 0 0 0 0 0 0 0 0 0 0 0 0 0 0 77 68 79 32 101 120 116 114 97 32 100 97 116 97 32 108 111 99 107 0 0 0 0 0 0 0 0 0 0 0 0 0 0 0 0 0 0 0 0 0 0 0 0 0 0 0 0 0 0 0 0 0 0 0 0 0 0 0 0 0 0 0 0 0 2 0 0 0 0 0 0 0 0 0 0 0 0 0 0 0 0 0 0 0 0 0 0 0 0 0 0 0 0 0 0 0 0 0 0 0 0 0 0 0 17 0 0 0 0 0 0 0 0 0 0 0 0 0 0 0 1 0 0 0 0 0 0 0 0 0 0 0 0 0 0 0 2 1 0 0 73 6 4 0 1 0 0 0 18 43 0 0 0 0 0 0 2 0 0 0 0 0 10 0 2 0 0 0 120 0 0 0 255 255 255 255 2 0 2 0 0 0 0 0 data 15 0x20002 0x80c9 0x60005 0x416 0x6068cce0 0x7cb0 0xcb51bd0 0x4 0xb0007 0x558b 0x38 0x2b40 0xf0003 0x2b40 0x18 oops 2 4 java/util/HashMap 6 sun/nio/ch/WindowsSelectorImpl$FdMap
ciMethodData java/util/HashMap getNode (ILjava/lang/Object;)Ljava/util/HashMap$Node; 2 17742 orig 264 72 34 139 112 0 0 0 0 56 107 10 7 0 0 0 0 8 4 0 0 160 0 0 0 0 0 0 0 0 0 0 0 0 0 0 0 0 0 0 0 0 0 0 0 0 0 0 0 0 0 0 0 0 0 0 0 0 0 0 0 0 0 0 0 0 0 0 0 0 0 0 0 0 0 0 0 0 0 0 0 77 68 79 32 101 120 116 114 97 32 100 97 116 97 32 108 111 99 107 0 0 0 0 0 0 0 0 0 0 0 0 0 0 0 0 0 0 0 0 0 0 0 0 0 0 0 0 0 0 0 0 0 0 0 0 0 0 0 0 0 0 0 0 0 2 0 0 0 0 0 0 0 0 0 0 0 0 0 0 0 0 0 0 0 0 0 0 0 0 0 0 0 0 0 0 0 0 0 0 3 0 0 0 0 17 0 0 0 0 0 0 0 0 0 0 0 0 0 0 0 1 0 0 0 0 0 0 0 0 0 0 0 0 0 0 0 78 1 0 0 1 32 2 0 89 25 0 0 74 44 0 0 186 1 0 0 2 0 0 0 1 0 37 0 2 0 0 0 176 2 0 0 255 255 255 255 7 0 6 0 0 0 0 0 data 86 0x60007 0xb74 0x2b0 0x388c 0xe0007 0x0 0x290 0x388c 0x1c0007 0x1603 0x270 0x2289 0x250007 0xe35 0xb0 0x1454 0x310007 0x70e 0x90 0xd46 0x35e007 0x2 0x70 0xd45 0x3b0005 0x6a1 0xcb535d0 0x23a 0x8ed24f0 0x46a 0x3e0007 0x60 0x20 0xce5 0x4c0007 0x7e4 0x1a0 0x6b3 0x510004 0xfffffffffffff94d 0xcb51240 0x3d 0x0 0x0 0x540007 0x6b3 0x80 0x0 0x590004 0x0 0x0 0x0 0x0 0x0 0x5e0005 0x0 0x0 0x0 0x0 0x0 0x680007 0x32f 0xb0 0x4c7 0x740007 0x107 0x90 0x3c0 0x780007 0x0 0x70 0x3c0 0x7e0005 0x155 0x8ee5ff0 0x119 0x8ed24f0 0x152 0x81e007 0x6 0x20 0x3bc 0x8f0007 0x143 0xffffffffffffff50 0x1f2 oops 5 26 java/util/jar/Attributes$Name 28 java/lang/String 40 java/util/HashMap$Node 74 java/security/CodeSource 76 java/lang/String
ciMethodData java/util/HashMap putVal (ILjava/lang/Object;Ljava/lang/Object;ZZ)Ljava/lang/Object; 2 19998 orig 264 72 34 139 112 0 0 0 0 88 110 10 7 0 0 0 0 176 6 0 0 232 2 0 0 0 0 0 0 0 0 0 0 0 0 0 0 0 0 0 0 0 0 0 0 0 0 0 0 0 0 0 0 0 0 0 0 0 0 0 0 0 0 0 0 0 0 0 0 0 0 0 0 0 0 0 0 0 0 0 0 77 68 79 32 101 120 116 114 97 32 100 97 116 97 32 108 111 99 107 0 0 0 0 0 0 0 0 0 0 0 0 0 0 0 0 0 0 0 0 0 0 0 0 0 0 0 0 0 0 0 0 0 0 0 0 0 0 0 0 0 0 0 0 0 4 0 0 0 0 0 0 0 0 0 0 0 0 0 0 0 0 0 0 0 0 0 0 6 0 0 0 0 0 0 0 0 0 0 0 2 0 0 0 0 0 0 0 0 0 0 0 0 0 0 0 0 0 0 0 0 0 0 0 0 0 0 0 0 0 0 0 0 0 0 0 0 4 1 0 0 209 104 2 0 177 53 0 0 53 44 0 0 249 2 0 0 2 0 0 0 1 0 50 0 2 0 0 0 64 5 0 0 255 255 255 255 7 0 7 0 0 0 0 0 data 168 0x70007 0xa08 0x40 0x4312 0x100007 0x4312 0x50 0x0 0x140005 0x2f 0xb418720 0x348 0x6068cce0 0x691 0x2c0007 0x1ff7 0x98 0x2d23 0x380005 0x21 0xb418720 0x1220 0x6068cce0 0x1ae2 0x3b0004 0x0 0xab0a7d0 0x1241 0xcb51240 0x1ae2 0x3c0003 0x2d23 0x3d0 0x450007 0x14b6 0xc8 0xb41 0x510007 0x558 0x90 0x5e9 0x55e007 0x2 0x88 0x5e8 0x5b7005 0x5ab 0x8ee5c00 0x24 0xab0a880 0x1b 0x5e0007 0x10d 0x38 0x4dd 0x650003 0xa35 0x278 0x6a0004 0xffffffffffffea3e 0xcb51240 0x36 0xab0a7d0 0x48 0x6d0007 0x15c2 0x98 0x3 0x720004 0x0 0xdea7860 0x3 0x0 0x0 0x7b0005 0x2 0xdea7860 0x1 0x0 0x0 0x800003 0x3 0x1b0 0x8e0007 0x934 0xb8 0x1344 0x980005 0x18 0xb418720 0x8d1 0x6068cce0 0xa5b 0xa2e007 0x133d 0x148 0x8 0xa90005 0x6 0xb418720 0x2 0x0 0x0 0xac0003 0x8 0xf8 0xb50007 0x584 0xc8 0x3b0 0xc10007 0x1ed 0xc0 0x1c3 0xc50007 0x0 0x88 0x1c3 0xcbf005 0x1a5 0x8ee5c00 0x7 0x8ed24f0 0x19 0xce0007 0x132 0x38 0x93 0xd10003 0x93 0x30 0xdb0003 0x6b6 0xfffffffffffffe80 0xe00007 0x1348 0x90 0xcb5 0xec0007 0xc94 0x40 0x21 0xf10007 0x21 0x20 0x0 0xfdf005 0x4e 0xb418720 0xce 0x6068cce0 0xb9b 0x11c0007 0x3d8d 0x50 0x2de 0x1200005 0x7 0xb418720 0xeb 0x6068cce0 0x1ec 0x1270005 0x39 0xb418720 0x1af5 0x6068cce0 0x253d oops 23 10 java/util/LinkedHashMap 12 java/util/HashMap 20 java/util/LinkedHashMap 22 java/util/HashMap 26 java/util/LinkedHashMap$Entry 28 java/util/HashMap$Node 47 java/io/File 49 sun/misc/ProxyGenerator$ConstantPool$IndirectEntry 60 java/util/HashMap$Node 62 java/util/LinkedHashMap$Entry 70 java/util/HashMap$TreeNode 76 java/util/HashMap$TreeNode 89 java/util/LinkedHashMap 91 java/util/HashMap 99 java/util/LinkedHashMap 120 java/io/File 122 java/lang/String 148 java/util/LinkedHashMap 150 java/util/HashMap 158 java/util/LinkedHashMap 160 java/util/HashMap